  正在生成代码
  Previous IPDB and IOBJ mismatch, fall back to full compilation.
C:\Users\loudly\Desktop\tet\RSSP1Sim_Src\RSSP1\common\GM_RSSP1_Memory.c(43): warning C4789: 缓冲区“fsfb_pri”(大小为 1396 字节)将溢出；1415 字节将在偏移 0 时开始写入
C:\Users\loudly\Desktop\tet\RSSP1Sim_Src\RSSP1\common\GM_RSSP1_Memory.c(43): warning C4789: 缓冲区“fsfb_pri”(大小为 1396 字节)将溢出；1407 字节将在偏移 0 时开始写入
C:\Users\loudly\Desktop\tet\RSSP1Sim_Src\RSSP1\common\GM_RSSP1_Memory.c(43): warning C4789: 缓冲区“fsfb_pri”(大小为 1396 字节)将溢出；1402 字节将在偏移 0 时开始写入
C:\Users\loudly\Desktop\tet\RSSP1Sim_Src\RSSP1\common\GM_RSSP1_Memory.c(43): warning C4789: 缓冲区“fsfb_pri”(大小为 1396 字节)将溢出；1402 字节将在偏移 0 时开始写入
C:\Users\loudly\Desktop\tet\RSSP1Sim_Src\RSSP1\common\GM_RSSP1_Memory.c(43): warning C4789: 缓冲区“rcvd_dat_pri”(大小为 1402 字节)将溢出；1415 字节将在偏移 0 时开始写入
C:\Users\loudly\Desktop\tet\RSSP1Sim_Src\RSSP1\common\GM_RSSP1_Memory.c(43): warning C4789: 缓冲区“rcvd_dat_pri”(大小为 1402 字节)将溢出；1407 字节将在偏移 0 时开始写入
C:\Users\loudly\Desktop\tet\RSSP1Sim_Src\RSSP1\common\GM_RSSP1_Memory.c(43): warning C4789: 缓冲区“rcvd_dat_pri”(大小为 1402 字节)将溢出；1415 字节将在偏移 0 时开始写入
C:\Users\loudly\Desktop\tet\RSSP1Sim_Src\RSSP1\common\GM_RSSP1_Memory.c(43): warning C4789: 缓冲区“rcvd_dat_pri”(大小为 1402 字节)将溢出；1407 字节将在偏移 0 时开始写入
C:\Users\loudly\Desktop\tet\RSSP1Sim_Src\RSSP1\common\GM_RSSP1_Memory.c(43): warning C4789: 缓冲区“dat_pri”(大小为 1396 字节)将溢出；1415 字节将在偏移 0 时开始写入
C:\Users\loudly\Desktop\tet\RSSP1Sim_Src\RSSP1\common\GM_RSSP1_Memory.c(43): warning C4789: 缓冲区“dat_pri”(大小为 1396 字节)将溢出；1407 字节将在偏移 0 时开始写入
C:\Users\loudly\Desktop\tet\RSSP1Sim_Src\RSSP1\common\GM_RSSP1_Memory.c(43): warning C4789: 缓冲区“dat_pri”(大小为 1396 字节)将溢出；1402 字节将在偏移 0 时开始写入
C:\Users\loudly\Desktop\tet\RSSP1Sim_Src\RSSP1\common\GM_RSSP1_Memory.c(43): warning C4789: 缓冲区“dat_pri”(大小为 1396 字节)将溢出；1402 字节将在偏移 0 时开始写入
C:\Users\loudly\Desktop\tet\RSSP1Sim_Src\RSSP1\common\GM_RSSP1_Memory.c(43): warning C4789: 缓冲区“dat_pri”(大小为 1396 字节)将溢出；1415 字节将在偏移 0 时开始写入
C:\Users\loudly\Desktop\tet\RSSP1Sim_Src\RSSP1\common\GM_RSSP1_Memory.c(43): warning C4789: 缓冲区“dat_pri”(大小为 1396 字节)将溢出；1407 字节将在偏移 0 时开始写入
C:\Users\loudly\Desktop\tet\RSSP1Sim_Src\RSSP1\common\GM_RSSP1_Memory.c(43): warning C4789: 缓冲区“dat_pri”(大小为 1396 字节)将溢出；1402 字节将在偏移 0 时开始写入
C:\Users\loudly\Desktop\tet\RSSP1Sim_Src\RSSP1\common\GM_RSSP1_Memory.c(43): warning C4789: 缓冲区“dat_pri”(大小为 1396 字节)将溢出；1402 字节将在偏移 0 时开始写入
C:\Users\loudly\Desktop\tet\RSSP1Sim_Src\RSSP1\common\GM_RSSP1_Memory.c(43): warning C4789: 缓冲区“pri”(大小为 1390 字节)将溢出；1396 字节将在偏移 0 时开始写入
C:\Users\loudly\Desktop\tet\RSSP1Sim_Src\RSSP1\common\GM_RSSP1_Memory.c(43): warning C4789: 缓冲区“pri”(大小为 1390 字节)将溢出；1415 字节将在偏移 0 时开始写入
C:\Users\loudly\Desktop\tet\RSSP1Sim_Src\RSSP1\common\GM_RSSP1_Memory.c(43): warning C4789: 缓冲区“pri”(大小为 1390 字节)将溢出；1407 字节将在偏移 0 时开始写入
C:\Users\loudly\Desktop\tet\RSSP1Sim_Src\RSSP1\common\GM_RSSP1_Memory.c(43): warning C4789: 缓冲区“pri”(大小为 1390 字节)将溢出；1402 字节将在偏移 0 时开始写入
C:\Users\loudly\Desktop\tet\RSSP1Sim_Src\RSSP1\common\GM_RSSP1_Memory.c(43): warning C4789: 缓冲区“pri”(大小为 1390 字节)将溢出；1402 字节将在偏移 0 时开始写入
C:\Users\loudly\Desktop\tet\RSSP1Sim_Src\RSSP1\common\GM_RSSP1_Memory.c(43): warning C4789: 缓冲区“cfm_ind”(大小为 1407 字节)将溢出；1415 字节将在偏移 0 时开始写入
  All 1577 functions were compiled because no usable IPDB/IOBJ from previous compilation was found.
  已完成代码的生成
  RSSP1Sim.vcxproj -> C:\Users\loudly\Desktop\tet\RSSP1Sim_Src\Release\RSSP1Sim.exe
