Build started 2020/5/2 15:20:18.
     1>Project "E:\VCU\RSSP1Sim_Src\RSSP1Sim\RSSP1Sim.vcxproj" on node 2 (build target(s)).
     1>InitializeBuildStatus:
         Creating "Debug\RSSP1Sim.unsuccessfulbuild" because "AlwaysCreate" was specified.
       ClCompile:
         All outputs are up-to-date.
         C:\Program Files (x86)\Microsoft Visual Studio 10.0\VC\bin\CL.exe /c /I.\ /I..\RSSP1\ /I..\RSSP1\UDP /I..\RSSP1\CFM /I..\RSSP1\SFM /I..\RSSP1\common /I..\RSSP1\GM_Utils /ZI /nologo /W3 /WX- /Od /Oy- /D WIN32 /D _WINDOWS /D _DEBUG /D _MBCS /D _AFXDLL /D _CRT_SECURE_NO_WARNINGS /Gm /EHsc /RTC1 /MDd /GS /fp:precise /Zc:wchar_t /Zc:forScope /Fo"Debug\\" /Fd"Debug\vc100.pdb" /Gd /TP /analyze- /errorReport:prompt TB_RSSP1.cpp
         TB_RSSP1.cpp
         All outputs are up-to-date.
       ResourceCompile:
         All outputs are up-to-date.
       ManifestResourceCompile:
         All outputs are up-to-date.
       Link:
         C:\Program Files (x86)\Microsoft Visual Studio 10.0\VC\bin\link.exe /ERRORREPORT:PROMPT /OUT:"E:\VCU\RSSP1Sim_Src\Debug\RSSP1Sim.exe" /INCREMENTAL /NOLOGO /MANIFEST /ManifestFile:"Debug\RSSP1Sim.exe.intermediate.manifest" /MANIFESTUAC:"level='asInvoker' uiAccess='false'" /DEBUG /PDB:"E:\VCU\RSSP1Sim_Src\Debug\RSSP1Sim.pdb" /SUBSYSTEM:WINDOWS /TLBID:1 /DYNAMICBASE /NXCOMPAT /IMPLIB:"E:\VCU\RSSP1Sim_Src\Debug\RSSP1Sim.lib" /MACHINE:X86 Debug\RSSP1Sim.res
         Debug\RSSP1Sim.exe.embed.manifest.res
         Debug\GridCell.obj
         Debug\GridCellBase.obj
         Debug\GridCtrl.obj
         Debug\GridDropTarget.obj
         Debug\InPlaceEdit.obj
         Debug\TitleTip.obj
         Debug\GridCellCheck.obj
         Debug\GridCellCombo.obj
         Debug\GridCellDateTime.obj
         Debug\GridCellNumeric.obj
         Debug\GridURLCell.obj
         Debug\GM_RSSP1_CFM.obj
         Debug\GM_RSSP1_CFM_Init.obj
         Debug\GM_RSSP1_CFM_Init_Addr.obj
         Debug\GM_RSSP1_CFM_Interface.obj
         Debug\GM_RSSP1_CRC.obj
         Debug\GM_RSSP1_File.obj
         Debug\GM_RSSP1_LFSR.obj
         Debug\GM_RSSP1_Memory.obj
         Debug\GM_RSSP1_Mutex.obj
         Debug\GM_RSSP1_Utils_Other.obj
         Debug\GM_RSSP1_VSN.obj
         Debug\GM_RSSP1_APP_Interface.obj
         Debug\GM_RSSP1_MQ_Interface.obj
         Debug\GM_RSSP1_Msg_Queue.obj
         Debug\GM_RSSP1_Syn.obj
         Debug\GM_Condition.obj
         Debug\GM_Free.obj
         Debug\GM_Malloc.obj
         Debug\GM_Memcpy.obj
         Debug\GM_Memset.obj
         Debug\GM_MQ.obj
         Debug\GM_MultiThread.obj
         Debug\GM_Mutex.obj
         Debug\GM_Time.obj
         Debug\GM_RSSP1_PROC_Int.obj
         Debug\GM_RSSP1_SFM.obj
         Debug\GM_RSSP1_SFM_Init.obj
         Debug\GM_RSSP1_SFM_Init_Addr.obj
         Debug\GM_RSSP1_SFM_Interface.obj
         Debug\GM_RSSP1_Time.obj
         Debug\FSFB_CFM_UDP.obj
         Debug\FSFB_UDP_Init.obj
         Debug\FSFB2Sim.obj
         Debug\FSFB2SimDoc.obj
         Debug\FSFB2SimView.obj
         Debug\GlueData.obj
         Debug\MainFrm.obj
         Debug\OutputWnd.obj
         Debug\RSSP1_Control.obj
         Debug\stdafx.obj
         Debug\TB_RSSP1.obj
       Manifest:
         C:\Program Files (x86)\Microsoft SDKs\Windows\v7.0A\bin\mt.exe /nologo /verbose /out:"Debug\RSSP1Sim.exe.embed.manifest" /manifest Debug\RSSP1Sim.exe.intermediate.manifest "C:\Program Files (x86)\Microsoft Visual Studio 10.0\VC\Include\Manifest\dpiaware.manifest"
         All outputs are up-to-date.
       LinkEmbedManifest:
         All outputs are up-to-date.
         RSSP1Sim.vcxproj -> E:\VCU\RSSP1Sim_Src\Debug\RSSP1Sim.exe
       FinalizeBuildStatus:
         Deleting file "Debug\RSSP1Sim.unsuccessfulbuild".
         Touching "Debug\RSSP1Sim.lastbuildstate".
     1>Done Building Project "E:\VCU\RSSP1Sim_Src\RSSP1Sim\RSSP1Sim.vcxproj" (build target(s)).

Build succeeded.

Time Elapsed 00:00:04.10
